# JRE version: Java(TM) SE Runtime Environment (17.0.12+8) (build 17.0.12+8-LTS-286)
# Java VM: Java HotSpot(TM) 64-Bit Server VM (17.0.12+8-LTS-286, mixed mode, sharing, tiered, compressed oops, compressed class ptrs, g1 gc, windows-amd64)
GC Precious Log:
 CPUs: 12 total, 12 available
 Memory: 16069M
 Large Page Support: Disabled
 NUMA Support: Disabled
 Compressed Oops: Enabled (Zero based)
 Heap Region Size: 2M
 Heap Min Capacity: 8M
 Heap Initial Capacity: 252M
 Heap Max Capacity: 4018M
 Pre-touch: Disabled
 Parallel Workers: 10
 Concurrent Workers: 3
 Concurrent Refinement Workers: 10
 Periodic GC: Disabled
Heap:
 garbage-first heap   total 81920K, used 52267K [0x0000000704e00000, 0x0000000800000000)
  region size 2048K, 16 young (32768K), 2 survivors (4096K)
 Metaspace       used 71190K, committed 71680K, reserved 1114112K
  class space    used 10063K, committed 10304K, reserved 1048576K
GC Heap History (20 events):
Event: 1.666 GC heap before
{Heap before GC invocations=2 (full 0):
 garbage-first heap   total 258048K, used 54976K [0x0000000704e00000, 0x0000000800000000)
  region size 2048K, 25 young (51200K), 1 survivors (2048K)
 Metaspace       used 21064K, committed 21504K, reserved 1114112K
  class space    used 2835K, committed 3072K, reserved 1048576K
}
Event: 1.670 GC heap after
{Heap after GC invocations=3 (full 0):
 garbage-first heap   total 258048K, used 13270K [0x0000000704e00000, 0x0000000800000000)
  region size 2048K, 3 young (6144K), 3 survivors (6144K)
 Metaspace       used 21064K, committed 21504K, reserved 1114112K
  class space    used 2835K, committed 3072K, reserved 1048576K
}
Event: 1.949 GC heap before
{Heap before GC invocations=4 (full 0):
 garbage-first heap   total 55296K, used 37846K [0x0000000704e00000, 0x0000000800000000)
  region size 2048K, 17 young (34816K), 3 survivors (6144K)
 Metaspace       used 26106K, committed 26560K, reserved 1114112K
  class space    used 3472K, committed 3712K, reserved 1048576K
}
Event: 1.954 GC heap after
{Heap after GC invocations=5 (full 0):
 garbage-first heap   total 55296K, used 15960K [0x0000000704e00000, 0x0000000800000000)
  region size 2048K, 4 young (8192K), 4 survivors (8192K)
 Metaspace       used 26106K, committed 26560K, reserved 1114112K
  class space    used 3472K, committed 3712K, reserved 1048576K
}
Event: 2.120 GC heap before
{Heap before GC invocations=5 (full 0):
 garbage-first heap   total 55296K, used 34392K [0x0000000704e00000, 0x0000000800000000)
  region size 2048K, 13 young (26624K), 4 survivors (8192K)
 Metaspace       used 28500K, committed 28992K, reserved 1114112K
  class space    used 3866K, committed 4096K, reserved 1048576K
}
Event: 2.127 GC heap after
{Heap after GC invocations=6 (full 0):
 garbage-first heap   total 55296K, used 17338K [0x0000000704e00000, 0x0000000800000000)
  region size 2048K, 1 young (2048K), 1 survivors (2048K)
 Metaspace       used 28500K, committed 28992K, reserved 1114112K
  class space    used 3866K, committed 4096K, reserved 1048576K
}
Event: 2.478 GC heap before
{Heap before GC invocations=6 (full 0):
 garbage-first heap   total 55296K, used 35770K [0x0000000704e00000, 0x0000000800000000)
  region size 2048K, 10 young (20480K), 1 survivors (2048K)
 Metaspace       used 31220K, committed 31616K, reserved 1114112K
  class space    used 4249K, committed 4416K, reserved 1048576K
}
Event: 2.482 GC heap after
{Heap after GC invocations=7 (full 0):
 garbage-first heap   total 55296K, used 18390K [0x0000000704e00000, 0x0000000800000000)
  region size 2048K, 2 young (4096K), 2 survivors (4096K)
 Metaspace       used 31220K, committed 31616K, reserved 1114112K
  class space    used 4249K, committed 4416K, reserved 1048576K
}
Event: 2.800 GC heap before
{Heap before GC invocations=7 (full 0):
 garbage-first heap   total 55296K, used 36822K [0x0000000704e00000, 0x0000000800000000)
  region size 2048K, 11 young (22528K), 2 survivors (4096K)
 Metaspace       used 34189K, committed 34624K, reserved 1114112K
  class space    used 4627K, committed 4800K, reserved 1048576K
}
Event: 2.806 GC heap after
{Heap after GC invocations=8 (full 0):
 garbage-first heap   total 157696K, used 20093K [0x0000000704e00000, 0x0000000800000000)
  region size 2048K, 2 young (4096K), 2 survivors (4096K)
 Metaspace       used 34189K, committed 34624K, reserved 1114112K
  class space    used 4627K, committed 4800K, reserved 1048576K
}
Event: 2.933 GC heap before
{Heap before GC invocations=8 (full 0):
 garbage-first heap   total 157696K, used 24189K [0x0000000704e00000, 0x0000000800000000)
  region size 2048K, 5 young (10240K), 2 survivors (4096K)
 Metaspace       used 35552K, committed 35968K, reserved 1114112K
  class space    used 4808K, committed 4992K, reserved 1048576K
}
Event: 2.937 GC heap after
{Heap after GC invocations=9 (full 0):
 garbage-first heap   total 157696K, used 20392K [0x0000000704e00000, 0x0000000800000000)
  region size 2048K, 2 young (4096K), 2 survivors (4096K)
 Metaspace       used 35552K, committed 35968K, reserved 1114112K
  class space    used 4808K, committed 4992K, reserved 1048576K
}
Event: 3.856 GC heap before
{Heap before GC invocations=10 (full 0):
 garbage-first heap   total 81920K, used 65448K [0x0000000704e00000, 0x0000000800000000)
  region size 2048K, 24 young (49152K), 2 survivors (4096K)
 Metaspace       used 49567K, committed 50112K, reserved 1114112K
  class space    used 6893K, committed 7168K, reserved 1048576K
}
Event: 3.864 GC heap after
{Heap after GC invocations=11 (full 0):
 garbage-first heap   total 81920K, used 23974K [0x0000000704e00000, 0x0000000800000000)
  region size 2048K, 3 young (6144K), 3 survivors (6144K)
 Metaspace       used 49567K, committed 50112K, reserved 1114112K
  class space    used 6893K, committed 7168K, reserved 1048576K
}
Event: 4.340 GC heap before
{Heap before GC invocations=11 (full 0):
 garbage-first heap   total 81920K, used 58790K [0x0000000704e00000, 0x0000000800000000)
  region size 2048K, 21 young (43008K), 3 survivors (6144K)
 Metaspace       used 57466K, committed 57920K, reserved 1114112K
  class space    used 7907K, committed 8128K, reserved 1048576K
}
Event: 4.347 GC heap after
{Heap after GC invocations=12 (full 0):
 garbage-first heap   total 81920K, used 26304K [0x0000000704e00000, 0x0000000800000000)
  region size 2048K, 2 young (4096K), 2 survivors (4096K)
 Metaspace       used 57466K, committed 57920K, reserved 1114112K
  class space    used 7907K, committed 8128K, reserved 1048576K
}
Event: 4.441 GC heap before
{Heap before GC invocations=12 (full 0):
 garbage-first heap   total 81920K, used 30400K [0x0000000704e00000, 0x0000000800000000)
  region size 2048K, 5 young (10240K), 2 survivors (4096K)
 Metaspace       used 59759K, committed 60288K, reserved 1114112K
  class space    used 8286K, committed 8512K, reserved 1048576K
}
Event: 4.444 GC heap after
{Heap after GC invocations=13 (full 0):
 garbage-first heap   total 81920K, used 26359K [0x0000000704e00000, 0x0000000800000000)
  region size 2048K, 2 young (4096K), 2 survivors (4096K)
 Metaspace       used 59759K, committed 60288K, reserved 1114112K
  class space    used 8286K, committed 8512K, reserved 1048576K
}
Event: 4.976 GC heap before
{Heap before GC invocations=14 (full 0):
 garbage-first heap   total 81920K, used 61175K [0x0000000704e00000, 0x0000000800000000)
  region size 2048K, 19 young (38912K), 2 survivors (4096K)
 Metaspace       used 66829K, committed 67392K, reserved 1114112K
  class space    used 9454K, committed 9728K, reserved 1048576K
}
Event: 4.982 GC heap after
{Heap after GC invocations=15 (full 0):
 garbage-first heap   total 81920K, used 27691K [0x0000000704e00000, 0x0000000800000000)
  region size 2048K, 2 young (4096K), 2 survivors (4096K)
 Metaspace       used 66829K, committed 67392K, reserved 1114112K
  class space    used 9454K, committed 9728K, reserved 1048576K
}

